<?xml version="1.0" encoding="UTF-8"?>
<!-- Generated by org.testng.reporters.JUnitReportReporter -->
<testsuite skipped="0" hostname="LAPTOP-S3E6FN1T" name="functionaltestcases.AddPayeeTestCase" tests="1" failures="0" timestamp="2019-12-04T16:19:51 EST" time="7.095" errors="0">
  <testcase name="Addpayee" time="7.095" classname="functionaltestcases.AddPayeeTestCase"/>
</testsuite> <!-- functionaltestcases.AddPayeeTestCase -->
