<?xml version="1.0" encoding="UTF-8"?>
<!-- Generated by org.testng.reporters.JUnitReportReporter -->
<testsuite skipped="0" hostname="LAPTOP-S3E6FN1T" name="functionaltestcases.PaySavedPayeeTestCase" tests="1" failures="0" timestamp="2019-12-06T08:58:33 EST" time="11.433" errors="0">
  <testcase name="PayPayee" time="11.433" classname="functionaltestcases.PaySavedPayeeTestCase"/>
</testsuite> <!-- functionaltestcases.PaySavedPayeeTestCase -->
