<?xml version="1.0" encoding="UTF-8"?>
<!-- Generated by org.testng.reporters.JUnitReportReporter -->
<testsuite skipped="0" hostname="LAPTOP-S3E6FN1T" name="functionaltestcases.LoginTestCase" tests="1" failures="0" timestamp="2019-12-03T20:03:24 EST" time="5.860" errors="0">
  <testcase name="login" time="5.860" classname="functionaltestcases.LoginTestCase"/>
</testsuite> <!-- functionaltestcases.LoginTestCase -->
