<?xml version="1.0" encoding="UTF-8"?>
<!-- Generated by org.testng.reporters.JUnitReportReporter -->
<testsuite skipped="0" hostname="LAPTOP-S3E6FN1T" name="functionaltestcases.AccountSummaryTestCase" tests="1" failures="0" timestamp="2019-12-04T16:19:50 EST" time="11.140" errors="0">
  <testcase name="showAcc" time="11.140" classname="functionaltestcases.AccountSummaryTestCase"/>
</testsuite> <!-- functionaltestcases.AccountSummaryTestCase -->
