<?xml version="1.0" encoding="UTF-8"?>
<!-- Generated by org.testng.reporters.JUnitReportReporter -->
<testsuite skipped="0" hostname="LAPTOP-S3E6FN1T" name="functionaltestcases.FindTransactionTestCase" tests="1" failures="0" timestamp="2019-12-04T16:19:50 EST" time="9.481" errors="0">
  <testcase name="Findtr" time="9.481" classname="functionaltestcases.FindTransactionTestCase"/>
</testsuite> <!-- functionaltestcases.FindTransactionTestCase -->
