<?xml version="1.0" encoding="UTF-8"?>
<!-- Generated by org.testng.reporters.JUnitReportReporter -->
<testsuite skipped="0" hostname="LAPTOP-S3E6FN1T" name="functionaltestcases.PurchaseFCurrencyTestCase" tests="1" failures="0" timestamp="2019-12-04T16:19:51 EST" time="9.870" errors="0">
  <testcase name="PurchaseCur" time="9.870" classname="functionaltestcases.PurchaseFCurrencyTestCase"/>
</testsuite> <!-- functionaltestcases.PurchaseFCurrencyTestCase -->
