<?xml version="1.0" encoding="UTF-8"?>
<!-- Generated by org.testng.reporters.JUnitReportReporter -->
<testsuite skipped="0" hostname="LAPTOP-S3E6FN1T" name="functionaltestcases.PaySavedPayeeTestCase" tests="1" failures="0" timestamp="2019-12-04T16:19:51 EST" time="8.299" errors="0">
  <testcase name="PayPayee" time="8.299" classname="functionaltestcases.PaySavedPayeeTestCase"/>
</testsuite> <!-- functionaltestcases.PaySavedPayeeTestCase -->
