<?xml version="1.0" encoding="UTF-8"?>
<!-- Generated by org.testng.reporters.JUnitReportReporter -->
<testsuite skipped="0" hostname="LAPTOP-S3E6FN1T" name="functionaltestcases.TransferFundTestCase" tests="1" failures="0" timestamp="2019-12-04T16:19:51 EST" time="7.262" errors="0">
  <testcase name="transferfunds" time="7.262" classname="functionaltestcases.TransferFundTestCase"/>
</testsuite> <!-- functionaltestcases.TransferFundTestCase -->
