<?xml version="1.0" encoding="UTF-8"?>
<!-- Generated by org.testng.reporters.JUnitReportReporter -->
<testsuite skipped="0" hostname="LAPTOP-S3E6FN1T" name="functionaltestcases.ShowTransactionTestCase" tests="1" failures="0" timestamp="2019-12-06T00:04:31 EST" time="10.104" errors="0">
  <testcase name="showtr" time="10.104" classname="functionaltestcases.ShowTransactionTestCase"/>
</testsuite> <!-- functionaltestcases.ShowTransactionTestCase -->
