<?xml version="1.0" encoding="UTF-8"?>
<!-- Generated by org.testng.reporters.JUnitReportReporter -->
<testsuite skipped="0" hostname="LAPTOP-S3E6FN1T" name="functionaltestcases.AccountSummaryTestCase" tests="1" failures="0" timestamp="04 Dec 2019 21:13:10 GMT" time="13.326" errors="0">
  <testcase name="showAcc" time="13.326" classname="functionaltestcases.AccountSummaryTestCase"/>
</testsuite> <!-- functionaltestcases.AccountSummaryTestCase -->
