<?xml version="1.0" encoding="UTF-8"?>
<!-- Generated by org.testng.reporters.JUnitReportReporter -->
<testsuite skipped="0" hostname="LAPTOP-S3E6FN1T" name="datadriventestcases.AddPayee_datadriven" tests="6" failures="0" timestamp="05 Dec 2019 00:40:24 GMT" time="10.802" errors="0">
  <testcase name="asign" time="6.069" classname="datadriventestcases.AddPayee_datadriven"/>
  <testcase name="Addpayee" time="0.826" classname="datadriventestcases.AddPayee_datadriven"/>
  <testcase name="Addpayee" time="0.947" classname="datadriventestcases.AddPayee_datadriven"/>
  <testcase name="Addpayee" time="0.897" classname="datadriventestcases.AddPayee_datadriven"/>
  <testcase name="Addpayee" time="1.084" classname="datadriventestcases.AddPayee_datadriven"/>
  <testcase name="endpayee" time="0.979" classname="datadriventestcases.AddPayee_datadriven"/>
</testsuite> <!-- datadriventestcases.AddPayee_datadriven -->
