<?xml version="1.0" encoding="UTF-8"?>
<!-- Generated by org.testng.reporters.JUnitReportReporter -->
<testsuite skipped="0" hostname="LAPTOP-S3E6FN1T" name="functionaltestcases.PurchaseFCurrencyTestCase" tests="1" failures="0" timestamp="04 Dec 2019 21:13:10 GMT" time="9.305" errors="0">
  <testcase name="PurchaseCur" time="9.305" classname="functionaltestcases.PurchaseFCurrencyTestCase"/>
</testsuite> <!-- functionaltestcases.PurchaseFCurrencyTestCase -->
