<?xml version="1.0" encoding="UTF-8"?>
<!-- Generated by org.testng.reporters.JUnitReportReporter -->
<testsuite skipped="0" hostname="LAPTOP-S3E6FN1T" name="datadriventestcases.AddPayee_datadriven" tests="6" failures="0" timestamp="06 Dec 2019 05:21:35 GMT" time="10.016" errors="0">
  <testcase name="asign" time="5.465" classname="datadriventestcases.AddPayee_datadriven"/>
  <testcase name="Addpayee" time="0.941" classname="datadriventestcases.AddPayee_datadriven"/>
  <testcase name="Addpayee" time="0.843" classname="datadriventestcases.AddPayee_datadriven"/>
  <testcase name="Addpayee" time="0.864" classname="datadriventestcases.AddPayee_datadriven"/>
  <testcase name="Addpayee" time="1.084" classname="datadriventestcases.AddPayee_datadriven"/>
  <testcase name="endpayee" time="0.819" classname="datadriventestcases.AddPayee_datadriven"/>
</testsuite> <!-- datadriventestcases.AddPayee_datadriven -->
