<?xml version="1.0" encoding="UTF-8"?>
<!-- Generated by org.testng.reporters.JUnitReportReporter -->
<testsuite skipped="0" hostname="LAPTOP-S3E6FN1T" name="functionaltestcases.PurchaseFCurrencyTestCase" tests="1" failures="0" timestamp="06 Dec 2019 05:21:35 GMT" time="10.395" errors="0">
  <testcase name="PurchaseCur" time="10.395" classname="functionaltestcases.PurchaseFCurrencyTestCase"/>
</testsuite> <!-- functionaltestcases.PurchaseFCurrencyTestCase -->
