<?xml version="1.0" encoding="UTF-8"?>
<!-- Generated by org.testng.reporters.JUnitReportReporter -->
<testsuite skipped="0" hostname="LAPTOP-S3E6FN1T" name="functionaltestcases.ShowTransactionTestCase" tests="2" failures="0" timestamp="06 Dec 2019 05:21:35 GMT" time="24.543" errors="0">
  <testcase name="showtr" time="9.788" classname="functionaltestcases.ShowTransactionTestCase"/>
  <testcase name="showtr" time="14.755" classname="functionaltestcases.ShowTransactionTestCase"/>
</testsuite> <!-- functionaltestcases.ShowTransactionTestCase -->
