<?xml version="1.0" encoding="UTF-8"?>
<!-- Generated by org.testng.reporters.JUnitReportReporter -->
<testsuite skipped="0" hostname="LAPTOP-S3E6FN1T" name="functionaltestcases.ShowTransactionTestCase" tests="1" failures="0" timestamp="05 Dec 2019 00:40:24 GMT" time="9.700" errors="0">
  <testcase name="showtr" time="9.700" classname="functionaltestcases.ShowTransactionTestCase"/>
</testsuite> <!-- functionaltestcases.ShowTransactionTestCase -->
