<?xml version="1.0" encoding="UTF-8"?>
<!-- Generated by org.testng.reporters.JUnitReportReporter -->
<testsuite skipped="0" hostname="LAPTOP-S3E6FN1T" name="functionaltestcases.TransferFundTestCase" tests="1" failures="0" timestamp="05 Dec 2019 00:40:24 GMT" time="7.273" errors="0">
  <testcase name="transferfunds" time="7.273" classname="functionaltestcases.TransferFundTestCase"/>
</testsuite> <!-- functionaltestcases.TransferFundTestCase -->
