<?xml version="1.0" encoding="UTF-8"?>
<!-- Generated by org.testng.reporters.JUnitReportReporter -->
<testsuite skipped="0" hostname="LAPTOP-S3E6FN1T" name="functionaltestcases.PaySavedPayeeTestCase" tests="2" failures="0" timestamp="06 Dec 2019 05:21:35 GMT" time="16.524" errors="0">
  <testcase name="PayPayee" time="8.240" classname="functionaltestcases.PaySavedPayeeTestCase"/>
  <testcase name="PayPayee" time="8.284" classname="functionaltestcases.PaySavedPayeeTestCase"/>
</testsuite> <!-- functionaltestcases.PaySavedPayeeTestCase -->
