<?xml version="1.0" encoding="UTF-8"?>
<!-- Generated by org.testng.reporters.JUnitReportReporter -->
<testsuite skipped="0" hostname="LAPTOP-S3E6FN1T" name="functionaltestcases.AccountSummaryTestCase" tests="1" failures="0" timestamp="06 Dec 2019 05:21:35 GMT" time="9.395" errors="0">
  <testcase name="showAcc" time="9.395" classname="functionaltestcases.AccountSummaryTestCase"/>
</testsuite> <!-- functionaltestcases.AccountSummaryTestCase -->
