<?xml version="1.0" encoding="UTF-8"?>
<!-- Generated by org.testng.reporters.JUnitReportReporter -->
<testsuite skipped="0" hostname="LAPTOP-S3E6FN1T" name="datadriventestcases.AddPayee_datadriven" tests="6" failures="0" timestamp="04 Dec 2019 21:13:10 GMT" time="11.753" errors="0">
  <testcase name="asign" time="6.467" classname="datadriventestcases.AddPayee_datadriven"/>
  <testcase name="Addpayee" time="1.254" classname="datadriventestcases.AddPayee_datadriven"/>
  <testcase name="Addpayee" time="0.911" classname="datadriventestcases.AddPayee_datadriven"/>
  <testcase name="Addpayee" time="1.365" classname="datadriventestcases.AddPayee_datadriven"/>
  <testcase name="Addpayee" time="1.082" classname="datadriventestcases.AddPayee_datadriven"/>
  <testcase name="endpayee" time="0.674" classname="datadriventestcases.AddPayee_datadriven"/>
</testsuite> <!-- datadriventestcases.AddPayee_datadriven -->
